<?xml version="1.0" encoding="UTF-8" ?>
<testsuite tests="8" failures="0" name="com.axway.CertHelperTest" time="0.67" errors="0" skipped="0">
  <properties>
[...]
</properties>
  <testcase classname="com.axway.CertHelperTest" name="testKeyAndCert" time="0.355"/>
  <testcase classname="com.axway.CertHelperTest" name="testX509" time="0.001"/>
  <testcase classname="com.axway.CertHelperTest" name="testCertChain" time="0.008"/>
  <testcase classname="com.axway.CertHelperTest" name="testP12Content" time="0.223"/>
  <testcase classname="com.axway.CertHelperTest" name="testValidCertificateFormat" time="0.017"/>
  <testcase classname="com.axway.CertHelperTest" name="testPrivatelyPublicAndCACert" time="0.015"/>
  <testcase classname="com.axway.CertHelperTest" name="testInvalidCertificateFormat" time="0.028"/>
  <testcase classname="com.axway.CertHelperTest" name="testP12File" time="0.023"/>
</testsuite>